2024-04-30 01:01:11,109 [INFO] Activator:176 - 


2024-04-30 01:01:11,114 [INFO] Activator:177 - !SESSION log4j initialized
2024-04-30 01:01:21,115 [INFO] LogOutputStream:77 - [STDOUT_REDIRECT] 
2024-04-30 01:01:31,656 [INFO] ApplicationProperties:184 - Using Application install path: D:\Programs\ST\STM32CubeIDE_1.15.0\STM32CubeIDE\plugins\com.st.stm32cube.common.mx_6.11.0.202403141607
2024-04-30 01:01:31,687 [INFO] DbMcusXml:78 - Set database path to: D:\Programs\ST\STM32CubeIDE_1.15.0\STM32CubeIDE\plugins\com.st.stm32cube.common.mx_6.11.0.202403141607\\db\/mcu/
2024-04-30 01:01:31,688 [INFO] ApiDb:274 - Set plugin database path to: D:\Programs\ST\STM32CubeIDE_1.15.0\STM32CubeIDE\plugins\com.st.stm32cube.common.mx_6.11.0.202403141607\\db\/plugins/boardmanager/
2024-04-30 01:01:31,688 [WARN] ApiDb:259 - Overriding images path with different value:  => D:\Programs\ST\STM32CubeIDE_1.15.0\STM32CubeIDE\plugins\com.st.stm32cube.common.mx_6.11.0.202403141607\\db\/plugins/mcufinder/images/
2024-04-30 01:01:31,769 [INFO] ApiDb:250 - Set database path to: C:\Users\emanu\.stmcufinder\plugins\mcufinder//mcu/
2024-04-30 01:01:31,769 [INFO] DbMcusAds:125 - Set database path to: C:\Users\emanu\.stmcufinder\plugins\mcufinder//mcu/
2024-04-30 01:01:31,783 [INFO] CrossReferenceDbSqlite:203 - Set database path to: C:\Users\emanu\.stmcufinder\plugins\mcufinder//mcu/cs/
2024-04-30 01:01:31,963 [INFO] RulesReader:64 - Compatibility file has been processed (297 Rules)
2024-04-30 01:01:32,148 [INFO] DbMcusXml:78 - Set database path to: D:\Programs\ST\STM32CubeIDE_1.15.0\STM32CubeIDE\plugins\com.st.stm32cube.common.mx_6.11.0.202403141607\\db\/mcu/
2024-04-30 01:01:32,148 [INFO] ApiDb:274 - Set plugin database path to: D:\Programs\ST\STM32CubeIDE_1.15.0\STM32CubeIDE\plugins\com.st.stm32cube.common.mx_6.11.0.202403141607\\db\/plugins/boardmanager/
2024-04-30 01:01:32,148 [INFO] ApiDb:261 - Set plugin images path to: D:\Programs\ST\STM32CubeIDE_1.15.0\STM32CubeIDE\plugins\com.st.stm32cube.common.mx_6.11.0.202403141607\\db\/plugins/mcufinder/images/
2024-04-30 01:01:32,149 [WARN] DbFile:41 - Overriding database path with different value: C:\Users\emanu\.stmcufinder\plugins\mcufinder/ => C:\Users\emanu\.stmcufinder\plugins\mcufinder
2024-04-30 01:01:32,149 [INFO] ApiDb:250 - Set database path to: C:\Users\emanu\.stmcufinder\plugins\mcufinder//mcu/
2024-04-30 01:01:32,149 [WARN] DbFile:41 - Overriding database path with different value: C:\Users\emanu\.stmcufinder\plugins\mcufinder/ => C:\Users\emanu\.stmcufinder\plugins\mcufinder
2024-04-30 01:01:32,149 [INFO] DbMcusAds:125 - Set database path to: C:\Users\emanu\.stmcufinder\plugins\mcufinder//mcu/
2024-04-30 01:01:32,149 [WARN] DbFile:41 - Overriding database path with different value: C:\Users\emanu\.stmcufinder\plugins\mcufinder/ => C:\Users\emanu\.stmcufinder\plugins\mcufinder
2024-04-30 01:01:32,149 [WARN] DbFile:41 - Overriding database path with different value: C:\Users\emanu\.stmcufinder\plugins\mcufinder/ => C:\Users\emanu\.stmcufinder\plugins\mcufinder
2024-04-30 01:01:32,149 [INFO] CrossReferenceDbSqlite:203 - Set database path to: C:\Users\emanu\.stmcufinder\plugins\mcufinder//mcu/cs/
2024-04-30 01:01:32,348 [INFO] MainPanel:264 - HeapMemory: 268435456
2024-04-30 01:01:32,488 [INFO] DbMcusXml:78 - Set database path to: D:\Programs\ST\STM32CubeIDE_1.15.0\STM32CubeIDE\plugins\com.st.stm32cube.common.mx_6.11.0.202403141607\\db\/mcu/
2024-04-30 01:01:32,488 [INFO] ApiDb:274 - Set plugin database path to: D:\Programs\ST\STM32CubeIDE_1.15.0\STM32CubeIDE\plugins\com.st.stm32cube.common.mx_6.11.0.202403141607\\db\/plugins/boardmanager/
2024-04-30 01:01:32,488 [INFO] ApiDb:261 - Set plugin images path to: D:\Programs\ST\STM32CubeIDE_1.15.0\STM32CubeIDE\plugins\com.st.stm32cube.common.mx_6.11.0.202403141607\\db\/plugins/mcufinder/images/
2024-04-30 01:01:32,488 [WARN] DbFile:41 - Overriding database path with different value: C:\Users\emanu\.stmcufinder\plugins\mcufinder/ => C:\Users\emanu\.stmcufinder\plugins\mcufinder
2024-04-30 01:01:32,488 [INFO] ApiDb:250 - Set database path to: C:\Users\emanu\.stmcufinder\plugins\mcufinder//mcu/
2024-04-30 01:01:32,489 [WARN] DbFile:41 - Overriding database path with different value: C:\Users\emanu\.stmcufinder\plugins\mcufinder/ => C:\Users\emanu\.stmcufinder\plugins\mcufinder
2024-04-30 01:01:32,489 [INFO] DbMcusAds:125 - Set database path to: C:\Users\emanu\.stmcufinder\plugins\mcufinder//mcu/
2024-04-30 01:01:32,489 [WARN] DbFile:41 - Overriding database path with different value: C:\Users\emanu\.stmcufinder\plugins\mcufinder/ => C:\Users\emanu\.stmcufinder\plugins\mcufinder
2024-04-30 01:01:32,489 [WARN] DbFile:41 - Overriding database path with different value: C:\Users\emanu\.stmcufinder\plugins\mcufinder/ => C:\Users\emanu\.stmcufinder\plugins\mcufinder
2024-04-30 01:01:32,489 [INFO] CrossReferenceDbSqlite:203 - Set database path to: C:\Users\emanu\.stmcufinder\plugins\mcufinder//mcu/cs/
2024-04-30 01:01:32,504 [INFO] ApplicationProperties:184 - Using Application install path: D:\Programs\ST\STM32CubeIDE_1.15.0\STM32CubeIDE\plugins\com.st.stm32cube.common.mx_6.11.0.202403141607
2024-04-30 01:01:32,505 [INFO] PluginManage:196 - Search for loadable plugins [exclusion list=, ]
2024-04-30 01:01:32,506 [INFO] PluginManage:310 - Check plugin analytics
2024-04-30 01:01:37,689 [INFO] AnalyticsPlugin:253 - Accepted Software Licenses: 
2024-04-30 01:01:37,689 [INFO] AnalyticsPlugin:255 - Accepted CMSIS Pack Licenses: 
2024-04-30 01:01:37,689 [INFO] AnalyticsPlugin:257 - Accepted Firmware Licenses: FW.F4.1.28.0
2024-04-30 01:01:37,691 [INFO] PluginManage:359 - Loaded plugin analytics (category:tool,tabindex:-1)
2024-04-30 01:01:37,691 [INFO] PluginManage:310 - Check plugin cadmodel
2024-04-30 01:01:37,729 [INFO] CADModel:105 - Init CAD model plugin
2024-04-30 01:01:37,729 [INFO] PluginManage:359 - Loaded plugin cadmodel (category:power,tabindex:5)
2024-04-30 01:01:37,729 [INFO] PluginManage:310 - Check plugin clock
2024-04-30 01:01:37,750 [INFO] PluginManage:359 - Loaded plugin clock (category:base,tabindex:2)
2024-04-30 01:01:37,750 [INFO] PluginManage:310 - Check plugin ddr
2024-04-30 01:01:37,786 [INFO] PluginManage:359 - Loaded plugin ddr (category:tool,tabindex:6)
2024-04-30 01:01:37,786 [INFO] PluginManage:310 - Check plugin filemanager
2024-04-30 01:01:37,940 [INFO] PluginManage:359 - Loaded plugin filemanager (category:base,tabindex:10)
2024-04-30 01:01:37,940 [INFO] PluginManage:310 - Check plugin ipmanager
2024-04-30 01:01:37,993 [INFO] PluginManage:359 - Loaded plugin ipmanager (category:base,tabindex:5)
2024-04-30 01:01:37,994 [INFO] PluginManage:310 - Check plugin lpbam
2024-04-30 01:01:38,007 [INFO] PluginManage:359 - Loaded plugin lpbam (category:base,tabindex:0)
2024-04-30 01:01:38,007 [INFO] PluginManage:310 - Check plugin memorymap
2024-04-30 01:01:38,040 [INFO] PluginManage:359 - Loaded plugin memorymap (category:base,tabindex:4)
2024-04-30 01:01:38,040 [INFO] PluginManage:310 - Check plugin pinoutandconfiguration
2024-04-30 01:01:38,051 [INFO] PluginManage:359 - Loaded plugin pinoutandconfiguration (category:base,tabindex:1)
2024-04-30 01:01:38,051 [INFO] PluginManage:310 - Check plugin pinoutconfig
2024-04-30 01:01:38,152 [WARN] SupportedApi:132 - Cannot load RTOS API schema: s4s-elt-must-match.1: The content of 'definitions' must match (annotation?, (simpleType | complexType)?, (unique | key | keyref)*)). A problem was found starting at: attribute.
2024-04-30 01:01:38,315 [INFO] PluginManage:359 - Loaded plugin pinoutconfig (category:base,tabindex:0)
2024-04-30 01:01:38,315 [INFO] PluginManage:310 - Check plugin power
2024-04-30 01:01:38,386 [INFO] PluginManage:359 - Loaded plugin power (category:power,tabindex:4)
2024-04-30 01:01:38,386 [INFO] PluginManage:310 - Check plugin projectmanager
2024-04-30 01:01:38,410 [INFO] PluginManage:359 - Loaded plugin projectmanager (category:projectmanager,tabindex:3)
2024-04-30 01:01:38,410 [INFO] PluginManage:310 - Check plugin thirdparty
2024-04-30 01:01:38,735 [INFO] PluginManage:359 - Loaded plugin thirdparty (category:base,tabindex:-1)
2024-04-30 01:01:38,735 [WARN] IntegrityCheckThread:84 - waiting for thirdparty lock release [integrity check]
2024-04-30 01:01:38,735 [INFO] PluginManage:310 - Check plugin tools
2024-04-30 01:01:38,735 [INFO] IntegrityCheckThread:86 - entering critical section [integrity check]
2024-04-30 01:01:38,735 [INFO] ThirdPartyUpdaterWithRetryManager:70 - Updater plugin not ready yet. [1/15]
2024-04-30 01:01:38,765 [INFO] PluginManage:359 - Loaded plugin tools (category:base,tabindex:7)
2024-04-30 01:01:38,765 [INFO] PluginManage:310 - Check plugin tutovideos
2024-04-30 01:01:38,963 [INFO] PluginManage:359 - Loaded plugin tutovideos (category:base,tabindex:-1)
2024-04-30 01:01:38,963 [INFO] PluginManage:310 - Check plugin updater
2024-04-30 01:01:38,991 [INFO] PluginManage:359 - Loaded plugin updater (category:base,tabindex:12)
2024-04-30 01:01:38,991 [INFO] PluginManage:310 - Check plugin userauth
2024-04-30 01:01:39,046 [INFO] UserAuth:114 - Init User Auth plugin
2024-04-30 01:01:39,046 [INFO] PluginManage:359 - Loaded plugin userauth (category:base,tabindex:14)
2024-04-30 01:01:39,046 [INFO] PluginManage:283 - PluginManage : Loaded plugins [17]
2024-04-30 01:01:39,247 [INFO] PinOutPanel:1561 - setPackage(No Configuration,No Configuration)
2024-04-30 01:01:39,333 [INFO] CADModel:165 - CPN selected for project level
2024-04-30 01:01:39,333 [INFO] CADModel:114 - Register for checkConnection events
2024-04-30 01:01:39,385 [INFO] IPUIPlugin:80 - create IPUIPlugin
2024-04-30 01:01:39,385 [INFO] PluginManager:220 - loadIPPluginJar : add adc
2024-04-30 01:01:39,421 [INFO] IPUIPlugin:80 - create IPUIPlugin
2024-04-30 01:01:39,421 [INFO] PluginManager:220 - loadIPPluginJar : add aes
2024-04-30 01:01:39,472 [INFO] IPUIPlugin:80 - create IPUIPlugin
2024-04-30 01:01:39,472 [INFO] PluginManager:220 - loadIPPluginJar : add can
2024-04-30 01:01:39,491 [INFO] IPUIPlugin:80 - create IPUIPlugin
2024-04-30 01:01:39,491 [INFO] PluginManager:220 - loadIPPluginJar : add comp
2024-04-30 01:01:39,509 [INFO] IPUIPlugin:80 - create IPUIPlugin
2024-04-30 01:01:39,509 [INFO] PluginManager:220 - loadIPPluginJar : add cryp
2024-04-30 01:01:39,526 [INFO] IPUIPlugin:80 - create IPUIPlugin
2024-04-30 01:01:39,526 [INFO] PluginManager:220 - loadIPPluginJar : add dfsdm
2024-04-30 01:01:39,534 [INFO] IPUIPlugin:80 - create IPUIPlugin
2024-04-30 01:01:39,534 [INFO] PluginManager:220 - loadIPPluginJar : add dma
2024-04-30 01:01:39,559 [INFO] IPUIPlugin:80 - create IPUIPlugin
2024-04-30 01:01:39,559 [INFO] PluginManager:220 - loadIPPluginJar : add dma3
2024-04-30 01:01:39,586 [INFO] IPUIPlugin:80 - create IPUIPlugin
2024-04-30 01:01:39,586 [INFO] PluginManager:220 - loadIPPluginJar : add extmemmanager
2024-04-30 01:01:39,610 [INFO] IPUIPlugin:80 - create IPUIPlugin
2024-04-30 01:01:39,610 [INFO] PluginManager:220 - loadIPPluginJar : add fatfs
2024-04-30 01:01:39,672 [INFO] IPUIPlugin:80 - create IPUIPlugin
2024-04-30 01:01:39,672 [INFO] PluginManager:220 - loadIPPluginJar : add fmc
2024-04-30 01:01:39,697 [INFO] IPUIPlugin:80 - create IPUIPlugin
2024-04-30 01:01:39,697 [INFO] PluginManager:220 - loadIPPluginJar : add freertos
2024-04-30 01:01:39,709 [INFO] IPUIPlugin:80 - create IPUIPlugin
2024-04-30 01:01:39,709 [INFO] PluginManager:220 - loadIPPluginJar : add genericplugin
2024-04-30 01:01:39,783 [INFO] IPUIPlugin:80 - create IPUIPlugin
2024-04-30 01:01:39,783 [INFO] PluginManager:220 - loadIPPluginJar : add gfxmmu
2024-04-30 01:01:39,858 [INFO] IPUIPlugin:80 - create IPUIPlugin
2024-04-30 01:01:39,858 [INFO] PluginManager:220 - loadIPPluginJar : add gic
2024-04-30 01:01:39,866 [INFO] IPUIPlugin:80 - create IPUIPlugin
2024-04-30 01:01:39,866 [INFO] PluginManager:220 - loadIPPluginJar : add gpio
2024-04-30 01:01:39,921 [INFO] IPUIPlugin:80 - create IPUIPlugin
2024-04-30 01:01:39,921 [INFO] PluginManager:220 - loadIPPluginJar : add gtzc
2024-04-30 01:01:39,939 [INFO] IPUIPlugin:80 - create IPUIPlugin
2024-04-30 01:01:39,939 [INFO] PluginManager:220 - loadIPPluginJar : add hash
2024-04-30 01:01:39,969 [INFO] IPUIPlugin:80 - create IPUIPlugin
2024-04-30 01:01:39,969 [INFO] PluginManager:220 - loadIPPluginJar : add i2c
2024-04-30 01:01:39,993 [INFO] IPUIPlugin:80 - create IPUIPlugin
2024-04-30 01:01:39,993 [INFO] PluginManager:220 - loadIPPluginJar : add i2s
2024-04-30 01:01:40,018 [INFO] IPUIPlugin:80 - create IPUIPlugin
2024-04-30 01:01:40,018 [INFO] PluginManager:220 - loadIPPluginJar : add i3c
2024-04-30 01:01:40,084 [INFO] IPUIPlugin:80 - create IPUIPlugin
2024-04-30 01:01:40,084 [INFO] PluginManager:220 - loadIPPluginJar : add ipddr
2024-04-30 01:01:40,138 [INFO] IPUIPlugin:80 - create IPUIPlugin
2024-04-30 01:01:40,139 [INFO] PluginManager:220 - loadIPPluginJar : add linkedlist
2024-04-30 01:01:40,160 [INFO] IPUIPlugin:80 - create IPUIPlugin
2024-04-30 01:01:40,160 [INFO] PluginManager:220 - loadIPPluginJar : add lorawan
2024-04-30 01:01:40,181 [INFO] IPUIPlugin:80 - create IPUIPlugin
2024-04-30 01:01:40,181 [INFO] PluginManager:220 - loadIPPluginJar : add ltdc
2024-04-30 01:01:40,191 [INFO] IPUIPlugin:80 - create IPUIPlugin
2024-04-30 01:01:40,191 [INFO] PluginManager:220 - loadIPPluginJar : add mdma
2024-04-30 01:01:40,198 [INFO] IPUIPlugin:80 - create IPUIPlugin
2024-04-30 01:01:40,198 [INFO] PluginManager:220 - loadIPPluginJar : add nvic
2024-04-30 01:01:40,220 [INFO] IPUIPlugin:80 - create IPUIPlugin
2024-04-30 01:01:40,220 [INFO] PluginManager:220 - loadIPPluginJar : add opamp
2024-04-30 01:01:40,254 [INFO] IPUIPlugin:80 - create IPUIPlugin
2024-04-30 01:01:40,254 [INFO] PluginManager:220 - loadIPPluginJar : add openamp
2024-04-30 01:01:40,278 [INFO] IPUIPlugin:80 - create IPUIPlugin
2024-04-30 01:01:40,278 [INFO] PluginManager:220 - loadIPPluginJar : add pdm2pcm
2024-04-30 01:01:40,287 [INFO] IPUIPlugin:80 - create IPUIPlugin
2024-04-30 01:01:40,288 [INFO] PluginManager:220 - loadIPPluginJar : add plateformsettings
2024-04-30 01:01:40,300 [INFO] IPUIPlugin:80 - create IPUIPlugin
2024-04-30 01:01:40,300 [INFO] PluginManager:220 - loadIPPluginJar : add quadspi
2024-04-30 01:01:40,308 [INFO] IPUIPlugin:80 - create IPUIPlugin
2024-04-30 01:01:40,308 [INFO] PluginManager:220 - loadIPPluginJar : add resmgrutility
2024-04-30 01:01:40,346 [INFO] IPUIPlugin:80 - create IPUIPlugin
2024-04-30 01:01:40,346 [INFO] PluginManager:220 - loadIPPluginJar : add sai
2024-04-30 01:01:40,370 [INFO] IPUIPlugin:80 - create IPUIPlugin
2024-04-30 01:01:40,370 [INFO] PluginManager:220 - loadIPPluginJar : add spi
2024-04-30 01:01:40,412 [INFO] IPUIPlugin:80 - create IPUIPlugin
2024-04-30 01:01:40,413 [INFO] PluginManager:220 - loadIPPluginJar : add stm32_wpan
2024-04-30 01:01:40,426 [INFO] IPUIPlugin:80 - create IPUIPlugin
2024-04-30 01:01:40,426 [INFO] PluginManager:220 - loadIPPluginJar : add tim
2024-04-30 01:01:40,462 [INFO] IPUIPlugin:80 - create IPUIPlugin
2024-04-30 01:01:40,462 [INFO] PluginManager:220 - loadIPPluginJar : add touchsensing
2024-04-30 01:01:40,475 [INFO] IPUIPlugin:80 - create IPUIPlugin
2024-04-30 01:01:40,475 [INFO] PluginManager:220 - loadIPPluginJar : add tracer_emb
2024-04-30 01:01:40,488 [INFO] IPUIPlugin:80 - create IPUIPlugin
2024-04-30 01:01:40,488 [INFO] PluginManager:220 - loadIPPluginJar : add ts
2024-04-30 01:01:40,500 [INFO] IPUIPlugin:80 - create IPUIPlugin
2024-04-30 01:01:40,500 [INFO] PluginManager:220 - loadIPPluginJar : add tsc
2024-04-30 01:01:40,512 [INFO] IPUIPlugin:80 - create IPUIPlugin
2024-04-30 01:01:40,512 [INFO] PluginManager:220 - loadIPPluginJar : add ucpd
2024-04-30 01:01:40,553 [INFO] IPUIPlugin:80 - create IPUIPlugin
2024-04-30 01:01:40,553 [INFO] PluginManager:220 - loadIPPluginJar : add usart
2024-04-30 01:01:40,580 [INFO] IPUIPlugin:80 - create IPUIPlugin
2024-04-30 01:01:40,580 [INFO] PluginManager:220 - loadIPPluginJar : add usbx
2024-04-30 01:01:40,691 [INFO] CADModel:165 - CPN selected for project level
2024-04-30 01:01:40,691 [INFO] CADModel:114 - Register for checkConnection events
2024-04-30 01:01:40,691 [FATAL] Updater:308 - Updater called before beeing initialized
2024-04-30 01:01:40,691 [ERROR] CADModel:125 - Updater not yet initialized, retry later 
2024-04-30 01:01:40,856 [INFO] CADModel:165 - CPN selected for project level
2024-04-30 01:01:40,856 [INFO] CADModel:114 - Register for checkConnection events
2024-04-30 01:01:40,856 [FATAL] Updater:308 - Updater called before beeing initialized
2024-04-30 01:01:40,856 [ERROR] CADModel:125 - Updater not yet initialized, retry later 
2024-04-30 01:01:40,858 [FATAL] Updater:308 - Updater called before beeing initialized
2024-04-30 01:01:40,928 [FATAL] Updater:308 - Updater called before beeing initialized
2024-04-30 01:01:40,935 [INFO] DbMcusAds:53 - JSON generation date=Wed Nov 29 11:52:27 CET 2023 (1701255147349)
2024-04-30 01:01:40,935 [FATAL] Updater:308 - Updater called before beeing initialized
2024-04-30 01:01:41,032 [WARN] DetailPanel:346 - Failed to get advertising image, set to default
2024-04-30 01:01:41,110 [FATAL] Updater:308 - Updater called before beeing initialized
2024-04-30 01:01:41,131 [FATAL] Updater:308 - Updater called before beeing initialized
2024-04-30 01:01:41,132 [FATAL] Updater:308 - Updater called before beeing initialized
2024-04-30 01:01:41,132 [WARN] DetailPanel:346 - Failed to get advertising image, set to default
2024-04-30 01:01:41,132 [FATAL] Updater:308 - Updater called before beeing initialized
2024-04-30 01:01:41,212 [ERROR] Updater:1120 - MainUpdater not yet initialized. External WinMGr cannot be set.
2024-04-30 01:01:41,220 [INFO] Updater:1056 - Updater Version found : 6.11.0
2024-04-30 01:01:41,233 [INFO] ApplicationProperties:184 - Using Application install path: D:\Programs\ST\STM32CubeIDE_1.15.0\STM32CubeIDE\plugins\com.st.stm32cube.common.mx_6.11.0.202403141607
2024-04-30 01:01:41,736 [INFO] ThirdPartyUpdaterWithRetryManager:70 - Updater plugin not ready yet. [2/15]
2024-04-30 01:01:42,829 [ERROR] LogOutputStream:75 - [STDERR_REDIRECT] Apr 30, 2024 1:01:42 AM java.util.prefs.WindowsPreferences <init>
2024-04-30 01:01:42,830 [ERROR] LogOutputStream:75 - [STDERR_REDIRECT] WARNING: Could not open/create prefs root node Software\JavaSoft\Prefs at root 0xffffffff80000002. Windows RegCreateKeyEx(...) returned error code 5.
2024-04-30 01:01:42,830 [ERROR] LogOutputStream:75 - [STDERR_REDIRECT] 
2024-04-30 01:01:43,142 [INFO] MainUpdater:2873 - connection check result : 10
2024-04-30 01:01:43,142 [INFO] MainUpdater:290 - Updater Check For Update Now.
2024-04-30 01:01:43,142 [INFO] MicroXplorer:498 - Change Database Version : DB.6.0.110
2024-04-30 01:01:43,167 [INFO] McuFinderGlobals:63 - Set McuFinder mode to 2 (CubeIDE integrated)
2024-04-30 01:01:43,177 [INFO] UserAuth:415 - Internet connection configuration mode: 1
2024-04-30 01:01:43,267 [INFO] JxBrowserEngine:152 - Initiate JxBrowser Engine with user profile folder
2024-04-30 01:01:43,357 [INFO] CheckServerUpdateThread:120 - End of CheckServer Thread
2024-04-30 01:01:44,880 [WARN] PackLoader:240 - Cannot read IP mode file for STMicroelectronics.FP-SNS-MOTENVWB1.1.4.0
2024-04-30 01:01:44,893 [WARN] PackLoader:240 - Cannot read IP mode file for STMicroelectronics.X-CUBE-SMBUS.2.1.0
2024-04-30 01:01:44,904 [WARN] PackLoader:240 - Cannot read IP mode file for STMicroelectronics.X-CUBE-TOUCHGFX.4.23.2
2024-04-30 01:01:44,936 [WARN] PackLoader:240 - Cannot read IP mode file for STMicroelectronics.X-CUBE-AZRTOS-F7.1.1.0
2024-04-30 01:01:44,949 [WARN] PackLoader:240 - Cannot read IP mode file for STMicroelectronics.FP-SNS-FLIGHT1.5.0.2
2024-04-30 01:01:44,960 [WARN] PackLoader:240 - Cannot read IP mode file for STMicroelectronics.X-CUBE-DISPLAY.3.0.0
2024-04-30 01:01:44,975 [WARN] PackLoader:240 - Cannot read IP mode file for STMicroelectronics.X-CUBE-BLE1.7.0.0
2024-04-30 01:01:44,985 [WARN] PackLoader:240 - Cannot read IP mode file for emotas.I-CUBE-CANOPEN.1.3.0
2024-04-30 01:01:44,998 [WARN] PackLoader:240 - Cannot read IP mode file for STMicroelectronics.X-CUBE-BLEMGR.3.1.0
2024-04-30 01:01:45,010 [WARN] PackLoader:240 - Cannot read IP mode file for STMicroelectronics.FP-SNS-SMARTAG2.1.2.0
2024-04-30 01:01:45,027 [INFO] LogOutputStream:77 - [STDOUT_REDIRECT] 1 : Invalid condition id : UX_CORESTACK_Condition cause : null
2024-04-30 01:01:45,028 [INFO] LogOutputStream:77 - [STDOUT_REDIRECT] 1 : Invalid condition id : UX_CORESTACK_Condition cause : null
2024-04-30 01:01:45,028 [INFO] LogOutputStream:77 - [STDOUT_REDIRECT] 1 : Invalid condition id : UX_CORESTACK_Condition cause : null
2024-04-30 01:01:45,029 [INFO] LogOutputStream:77 - [STDOUT_REDIRECT] 1 : Invalid condition id : UX_CORESTACK_Condition cause : null
2024-04-30 01:01:45,030 [INFO] LogOutputStream:77 - [STDOUT_REDIRECT] 1 : Invalid condition id : UX_CORESTACK_Condition cause : null
2024-04-30 01:01:45,033 [WARN] PackLoader:240 - Cannot read IP mode file for STMicroelectronics.X-CUBE-AZRTOS-WL.2.0.0
2024-04-30 01:01:45,043 [WARN] PackLoader:240 - Cannot read IP mode file for STMicroelectronics.FP-SNS-MOTENV1.5.0.0
2024-04-30 01:01:45,057 [WARN] PackLoader:240 - Cannot read IP mode file for WES.I-CUBE-Cesium.1.3.0
2024-04-30 01:01:45,066 [WARN] PackLoader:240 - Cannot read IP mode file for STMicroelectronics.X-CUBE-BLE2.3.3.0
2024-04-30 01:01:45,086 [WARN] PackLoader:240 - Cannot read IP mode file for STMicroelectronics.X-CUBE-TCPP.4.1.0
2024-04-30 01:01:45,099 [WARN] PackLoader:240 - Cannot read IP mode file for STMicroelectronics.X-CUBE-ALGOBUILD.1.3.0
2024-04-30 01:01:45,128 [WARN] PackLoader:240 - Cannot read IP mode file for STMicroelectronics.X-CUBE-AZRTOS-G0.1.1.0
2024-04-30 01:01:45,140 [WARN] PackLoader:240 - Cannot read IP mode file for STMicroelectronics.X-CUBE-SAFEA1.1.2.2
2024-04-30 01:01:45,156 [WARN] PackLoader:240 - Cannot read IP mode file for STMicroelectronics.X-CUBE-NFC4.3.0.0
2024-04-30 01:01:45,165 [WARN] PackLoader:240 - Cannot read IP mode file for wolfSSL.I-CUBE-wolfSSL.5.7.0
2024-04-30 01:01:45,174 [WARN] PackLoader:240 - Cannot read IP mode file for STMicroelectronics.FP-ATR-SIGFOX1.3.2.0
2024-04-30 01:01:45,194 [WARN] PackLoader:240 - Cannot read IP mode file for STMicroelectronics.X-CUBE-EEPRMA1.5.1.0
2024-04-30 01:01:45,218 [WARN] PackLoader:240 - Cannot read IP mode file for ITTIA_DB.I-CUBE-ITTIADB.8.9.0
2024-04-30 01:01:45,246 [WARN] PackLoader:240 - Cannot read IP mode file for SEGGER.I-CUBE-embOS.1.3.1
2024-04-30 01:01:45,284 [WARN] PackLoader:240 - Cannot read IP mode file for STMicroelectronics.X-CUBE-GNSS1.6.0.0
2024-04-30 01:01:45,328 [WARN] PackLoader:240 - Cannot read IP mode file for STMicroelectronics.X-CUBE-AZRTOS-F4.1.1.0
2024-04-30 01:01:45,342 [WARN] PackLoader:240 - Cannot read IP mode file for STMicroelectronics.X-CUBE-FREERTOS.1.2.0
2024-04-30 01:01:45,384 [WARN] PackLoader:240 - Cannot read IP mode file for STMicroelectronics.X-CUBE-AZRTOS-L5.2.0.0
2024-04-30 01:01:45,396 [WARN] PackLoader:240 - Cannot read IP mode file for STMicroelectronics.X-CUBE-NFC6.3.1.0
2024-04-30 01:01:45,415 [WARN] PackLoader:240 - Cannot read IP mode file for STMicroelectronics.X-CUBE-AI.9.0.0
2024-04-30 01:01:45,424 [WARN] PackLoader:240 - Cannot read IP mode file for STMicroelectronics.X-CUBE-NFC7.1.0.1
2024-04-30 01:01:45,435 [WARN] PackLoader:240 - Cannot read IP mode file for STMicroelectronics.X-CUBE-AI.8.1.0
2024-04-30 01:01:45,504 [WARN] ConditionMgr:438 - getConditionDescription Invalid condition id : LAN8742 Phy interface Condition cause : null
2024-04-30 01:01:45,504 [WARN] PackLoader:240 - Cannot read IP mode file for STMicroelectronics.X-CUBE-AZRTOS-L4.2.0.0
2024-04-30 01:01:45,505 [WARN] ConditionMgr:1039 - genDependencies : Invalid condition id : LAN8742 Phy interface Condition cause : null
2024-04-30 01:01:45,505 [WARN] ConditionMgr:1039 - genDependencies : Invalid condition id : LAN8742 Phy interface Condition cause : null
2024-04-30 01:01:45,505 [WARN] ConditionMgr:1039 - genDependencies : Invalid condition id : LAN8742 Phy interface Condition cause : null
2024-04-30 01:01:45,519 [WARN] PackLoader:240 - Cannot read IP mode file for STMicroelectronics.X-CUBE-SFXS2LP1.4.0.0
2024-04-30 01:01:45,541 [WARN] ConditionMgr:438 - getConditionDescription Invalid condition id : UX DEVICE CLASS RTOS Condition cause : null
2024-04-30 01:01:45,541 [WARN] ConditionMgr:438 - getConditionDescription Invalid condition id : UX DEVICE CLASS RTOS Condition cause : null
2024-04-30 01:01:45,545 [WARN] PackLoader:240 - Cannot read IP mode file for STMicroelectronics.X-CUBE-AZRTOS-WB.2.0.0
2024-04-30 01:01:45,545 [WARN] ConditionMgr:1039 - genDependencies : Invalid condition id : UX DEVICE CLASS RTOS Condition cause : null
2024-04-30 01:01:45,546 [WARN] ConditionMgr:1039 - genDependencies : Invalid condition id : UX DEVICE CLASS RTOS Condition cause : null
2024-04-30 01:01:45,546 [WARN] ConditionMgr:1039 - genDependencies : Invalid condition id : UX DEVICE CLASS RTOS Condition cause : null
2024-04-30 01:01:45,546 [WARN] ConditionMgr:1039 - genDependencies : Invalid condition id : UX DEVICE CLASS RTOS Condition cause : null
2024-04-30 01:01:45,546 [WARN] ConditionMgr:1039 - genDependencies : Invalid condition id : UX DEVICE CLASS RTOS Condition cause : null
2024-04-30 01:01:45,562 [WARN] PackLoader:240 - Cannot read IP mode file for STMicroelectronics.X-CUBE-SUBG2.5.0.0
2024-04-30 01:01:45,601 [WARN] PackLoader:240 - Cannot read IP mode file for STMicroelectronics.X-CUBE-AZRTOS-G4.2.0.0
2024-04-30 01:01:45,611 [WARN] PackLoader:240 - Cannot read IP mode file for STMicroelectronics.FP-SNS-MOTENVWB1.1.3.1
2024-04-30 01:01:45,621 [WARN] PackLoader:240 - Cannot read IP mode file for STMicroelectronics.X-CUBE-ISPU.2.0.0
2024-04-30 01:01:45,650 [WARN] PackLoader:240 - Cannot read IP mode file for STMicroelectronics.X-CUBE-MEMS1.10.0.0
2024-04-30 01:01:45,708 [WARN] PackLoader:240 - Cannot read IP mode file for STMicroelectronics.X-CUBE-FREERTOS.1.1.0
2024-04-30 01:01:45,717 [WARN] PackLoader:240 - Cannot read IP mode file for portGmbH.I-Cube-SoM-uGOAL.1.1.0
2024-04-30 01:01:45,725 [WARN] PackLoader:240 - Cannot read IP mode file for STMicroelectronics.X-CUBE-ALS.1.0.1
2024-04-30 01:01:45,745 [WARN] PackLoader:240 - Cannot read IP mode file for STMicroelectronics.X-CUBE-AZRTOS-H7RS.1.0.0
2024-04-30 01:01:45,754 [WARN] PackLoader:240 - Cannot read IP mode file for STMicroelectronics.FP-ATR-ASTRA1.2.0.0
2024-04-30 01:01:45,769 [WARN] PackLoader:240 - Cannot read IP mode file for STMicroelectronics.X-CUBE-TOF1.3.4.1
2024-04-30 01:01:45,793 [WARN] PackLoader:240 - Cannot read IP mode file for STMicroelectronics.X-CUBE-AZRTOS-H7.3.2.0
2024-04-30 01:01:45,809 [WARN] PackLoader:240 - Cannot read IP mode file for Infineon.AIROC-Wi-Fi-Bluetooth-STM32.1.6.0
2024-04-30 01:01:45,811 [INFO] ThirdParty:978 - Integrity check success = true
2024-04-30 01:01:45,811 [INFO] IntegrityCheckThread:100 - exiting critical section [integrity check]
2024-04-30 01:01:45,811 [INFO] IntegrityCheckThread:103 - End integrity checks thread
2024-04-30 01:01:47,516 [INFO] WebApp:161 - Instantiating new browser for Auth
2024-04-30 01:01:48,027 [INFO] WebApp:779 - Register for checkConnection events
2024-04-30 01:01:48,027 [INFO] WebApp:414 - Apply proxy settings
2024-04-30 01:01:48,027 [INFO] WebApp:499 - Chromium requires no authentication
2024-04-30 01:01:48,033 [INFO] WebApp:442 - Direct internet connection detected
2024-04-30 01:01:48,181 [INFO] WebApp:192 - Starting web application
2024-04-30 01:01:48,181 [INFO] WebApp:544 - Web application path used D:\Programs\ST\STM32CubeIDE_1.15.0\STM32CubeIDE\plugins\com.st.stm32cube.common.mx_6.11.0.202403141607\db\plugins\mcufinder\reactClient1\index.html
2024-04-30 01:55:10,510 [ERROR] LogOutputStream:75 - [STDERR_REDIRECT] 
2024-04-30 15:57:06,907 [INFO] Activator:176 - 


2024-04-30 15:57:06,909 [INFO] Activator:177 - !SESSION log4j initialized
2024-04-30 15:57:16,275 [INFO] LogOutputStream:77 - [STDOUT_REDIRECT] 
2024-04-30 15:57:25,282 [INFO] ApplicationProperties:184 - Using Application install path: D:\Programs\ST\STM32CubeIDE_1.15.0\STM32CubeIDE\plugins\com.st.stm32cube.common.mx_6.11.0.202403141607
2024-04-30 15:57:25,322 [INFO] DbMcusXml:78 - Set database path to: D:\Programs\ST\STM32CubeIDE_1.15.0\STM32CubeIDE\plugins\com.st.stm32cube.common.mx_6.11.0.202403141607\\db\/mcu/
2024-04-30 15:57:25,322 [INFO] ApiDb:274 - Set plugin database path to: D:\Programs\ST\STM32CubeIDE_1.15.0\STM32CubeIDE\plugins\com.st.stm32cube.common.mx_6.11.0.202403141607\\db\/plugins/boardmanager/
2024-04-30 15:57:25,322 [WARN] ApiDb:259 - Overriding images path with different value:  => D:\Programs\ST\STM32CubeIDE_1.15.0\STM32CubeIDE\plugins\com.st.stm32cube.common.mx_6.11.0.202403141607\\db\/plugins/mcufinder/images/
2024-04-30 15:57:25,376 [INFO] ApiDb:250 - Set database path to: C:\Users\emanu\.stmcufinder\plugins\mcufinder//mcu/
2024-04-30 15:57:25,377 [INFO] DbMcusAds:125 - Set database path to: C:\Users\emanu\.stmcufinder\plugins\mcufinder//mcu/
2024-04-30 15:57:25,378 [INFO] CrossReferenceDbSqlite:203 - Set database path to: C:\Users\emanu\.stmcufinder\plugins\mcufinder//mcu/cs/
2024-04-30 15:57:25,519 [INFO] RulesReader:64 - Compatibility file has been processed (297 Rules)
2024-04-30 15:57:25,655 [INFO] DbMcusXml:78 - Set database path to: D:\Programs\ST\STM32CubeIDE_1.15.0\STM32CubeIDE\plugins\com.st.stm32cube.common.mx_6.11.0.202403141607\\db\/mcu/
2024-04-30 15:57:25,655 [INFO] ApiDb:274 - Set plugin database path to: D:\Programs\ST\STM32CubeIDE_1.15.0\STM32CubeIDE\plugins\com.st.stm32cube.common.mx_6.11.0.202403141607\\db\/plugins/boardmanager/
2024-04-30 15:57:25,655 [INFO] ApiDb:261 - Set plugin images path to: D:\Programs\ST\STM32CubeIDE_1.15.0\STM32CubeIDE\plugins\com.st.stm32cube.common.mx_6.11.0.202403141607\\db\/plugins/mcufinder/images/
2024-04-30 15:57:25,655 [WARN] DbFile:41 - Overriding database path with different value: C:\Users\emanu\.stmcufinder\plugins\mcufinder/ => C:\Users\emanu\.stmcufinder\plugins\mcufinder
2024-04-30 15:57:25,655 [INFO] ApiDb:250 - Set database path to: C:\Users\emanu\.stmcufinder\plugins\mcufinder//mcu/
2024-04-30 15:57:25,655 [WARN] DbFile:41 - Overriding database path with different value: C:\Users\emanu\.stmcufinder\plugins\mcufinder/ => C:\Users\emanu\.stmcufinder\plugins\mcufinder
2024-04-30 15:57:25,655 [INFO] DbMcusAds:125 - Set database path to: C:\Users\emanu\.stmcufinder\plugins\mcufinder//mcu/
2024-04-30 15:57:25,655 [WARN] DbFile:41 - Overriding database path with different value: C:\Users\emanu\.stmcufinder\plugins\mcufinder/ => C:\Users\emanu\.stmcufinder\plugins\mcufinder
2024-04-30 15:57:25,655 [WARN] DbFile:41 - Overriding database path with different value: C:\Users\emanu\.stmcufinder\plugins\mcufinder/ => C:\Users\emanu\.stmcufinder\plugins\mcufinder
2024-04-30 15:57:25,656 [INFO] CrossReferenceDbSqlite:203 - Set database path to: C:\Users\emanu\.stmcufinder\plugins\mcufinder//mcu/cs/
2024-04-30 15:57:25,795 [INFO] MainPanel:264 - HeapMemory: 268435456
2024-04-30 15:57:25,930 [INFO] DbMcusXml:78 - Set database path to: D:\Programs\ST\STM32CubeIDE_1.15.0\STM32CubeIDE\plugins\com.st.stm32cube.common.mx_6.11.0.202403141607\\db\/mcu/
2024-04-30 15:57:25,930 [INFO] ApiDb:274 - Set plugin database path to: D:\Programs\ST\STM32CubeIDE_1.15.0\STM32CubeIDE\plugins\com.st.stm32cube.common.mx_6.11.0.202403141607\\db\/plugins/boardmanager/
2024-04-30 15:57:25,930 [INFO] ApiDb:261 - Set plugin images path to: D:\Programs\ST\STM32CubeIDE_1.15.0\STM32CubeIDE\plugins\com.st.stm32cube.common.mx_6.11.0.202403141607\\db\/plugins/mcufinder/images/
2024-04-30 15:57:25,930 [WARN] DbFile:41 - Overriding database path with different value: C:\Users\emanu\.stmcufinder\plugins\mcufinder/ => C:\Users\emanu\.stmcufinder\plugins\mcufinder
2024-04-30 15:57:25,930 [INFO] ApiDb:250 - Set database path to: C:\Users\emanu\.stmcufinder\plugins\mcufinder//mcu/
2024-04-30 15:57:25,930 [WARN] DbFile:41 - Overriding database path with different value: C:\Users\emanu\.stmcufinder\plugins\mcufinder/ => C:\Users\emanu\.stmcufinder\plugins\mcufinder
2024-04-30 15:57:25,931 [INFO] DbMcusAds:125 - Set database path to: C:\Users\emanu\.stmcufinder\plugins\mcufinder//mcu/
2024-04-30 15:57:25,931 [WARN] DbFile:41 - Overriding database path with different value: C:\Users\emanu\.stmcufinder\plugins\mcufinder/ => C:\Users\emanu\.stmcufinder\plugins\mcufinder
2024-04-30 15:57:25,931 [WARN] DbFile:41 - Overriding database path with different value: C:\Users\emanu\.stmcufinder\plugins\mcufinder/ => C:\Users\emanu\.stmcufinder\plugins\mcufinder
2024-04-30 15:57:25,931 [INFO] CrossReferenceDbSqlite:203 - Set database path to: C:\Users\emanu\.stmcufinder\plugins\mcufinder//mcu/cs/
2024-04-30 15:57:25,945 [INFO] ApplicationProperties:184 - Using Application install path: D:\Programs\ST\STM32CubeIDE_1.15.0\STM32CubeIDE\plugins\com.st.stm32cube.common.mx_6.11.0.202403141607
2024-04-30 15:57:25,947 [INFO] PluginManage:196 - Search for loadable plugins [exclusion list=, ]
2024-04-30 15:57:25,948 [INFO] PluginManage:310 - Check plugin analytics
2024-04-30 15:57:31,079 [INFO] AnalyticsPlugin:253 - Accepted Software Licenses: 
2024-04-30 15:57:31,079 [INFO] AnalyticsPlugin:255 - Accepted CMSIS Pack Licenses: 
2024-04-30 15:57:31,079 [INFO] AnalyticsPlugin:257 - Accepted Firmware Licenses: FW.F4.1.28.0
2024-04-30 15:57:31,081 [INFO] PluginManage:359 - Loaded plugin analytics (category:tool,tabindex:-1)
2024-04-30 15:57:31,081 [INFO] PluginManage:310 - Check plugin cadmodel
2024-04-30 15:57:31,105 [INFO] CADModel:105 - Init CAD model plugin
2024-04-30 15:57:31,105 [INFO] PluginManage:359 - Loaded plugin cadmodel (category:power,tabindex:5)
2024-04-30 15:57:31,105 [INFO] PluginManage:310 - Check plugin clock
2024-04-30 15:57:31,120 [INFO] PluginManage:359 - Loaded plugin clock (category:base,tabindex:2)
2024-04-30 15:57:31,120 [INFO] PluginManage:310 - Check plugin ddr
2024-04-30 15:57:31,121 [INFO] PluginManage:359 - Loaded plugin ddr (category:tool,tabindex:6)
2024-04-30 15:57:31,122 [INFO] PluginManage:310 - Check plugin filemanager
2024-04-30 15:57:31,280 [INFO] PluginManage:359 - Loaded plugin filemanager (category:base,tabindex:10)
2024-04-30 15:57:31,280 [INFO] PluginManage:310 - Check plugin ipmanager
2024-04-30 15:57:31,285 [INFO] PluginManage:359 - Loaded plugin ipmanager (category:base,tabindex:5)
2024-04-30 15:57:31,286 [INFO] PluginManage:310 - Check plugin lpbam
2024-04-30 15:57:31,299 [INFO] PluginManage:359 - Loaded plugin lpbam (category:base,tabindex:0)
2024-04-30 15:57:31,299 [INFO] PluginManage:310 - Check plugin memorymap
2024-04-30 15:57:31,318 [INFO] PluginManage:359 - Loaded plugin memorymap (category:base,tabindex:4)
2024-04-30 15:57:31,318 [INFO] PluginManage:310 - Check plugin pinoutandconfiguration
2024-04-30 15:57:31,361 [INFO] PluginManage:359 - Loaded plugin pinoutandconfiguration (category:base,tabindex:1)
2024-04-30 15:57:31,361 [INFO] PluginManage:310 - Check plugin pinoutconfig
2024-04-30 15:57:31,489 [WARN] SupportedApi:132 - Cannot load RTOS API schema: s4s-elt-must-match.1: The content of 'definitions' must match (annotation?, (simpleType | complexType)?, (unique | key | keyref)*)). A problem was found starting at: attribute.
2024-04-30 15:57:31,593 [INFO] PluginManage:359 - Loaded plugin pinoutconfig (category:base,tabindex:0)
2024-04-30 15:57:31,593 [INFO] PluginManage:310 - Check plugin power
2024-04-30 15:57:31,645 [INFO] PluginManage:359 - Loaded plugin power (category:power,tabindex:4)
2024-04-30 15:57:31,645 [INFO] PluginManage:310 - Check plugin projectmanager
2024-04-30 15:57:31,676 [INFO] PluginManage:359 - Loaded plugin projectmanager (category:projectmanager,tabindex:3)
2024-04-30 15:57:31,676 [INFO] PluginManage:310 - Check plugin thirdparty
2024-04-30 15:57:31,902 [INFO] PluginManage:359 - Loaded plugin thirdparty (category:base,tabindex:-1)
2024-04-30 15:57:31,902 [INFO] PluginManage:310 - Check plugin tools
2024-04-30 15:57:31,902 [WARN] IntegrityCheckThread:84 - waiting for thirdparty lock release [integrity check]
2024-04-30 15:57:31,902 [INFO] IntegrityCheckThread:86 - entering critical section [integrity check]
2024-04-30 15:57:31,903 [INFO] ThirdPartyUpdaterWithRetryManager:70 - Updater plugin not ready yet. [1/15]
2024-04-30 15:57:31,925 [INFO] PluginManage:359 - Loaded plugin tools (category:base,tabindex:7)
2024-04-30 15:57:31,925 [INFO] PluginManage:310 - Check plugin tutovideos
2024-04-30 15:57:32,142 [INFO] PluginManage:359 - Loaded plugin tutovideos (category:base,tabindex:-1)
2024-04-30 15:57:32,142 [INFO] PluginManage:310 - Check plugin updater
2024-04-30 15:57:32,187 [INFO] PluginManage:359 - Loaded plugin updater (category:base,tabindex:12)
2024-04-30 15:57:32,188 [INFO] PluginManage:310 - Check plugin userauth
2024-04-30 15:57:32,224 [INFO] UserAuth:114 - Init User Auth plugin
2024-04-30 15:57:32,224 [INFO] PluginManage:359 - Loaded plugin userauth (category:base,tabindex:14)
2024-04-30 15:57:32,224 [INFO] PluginManage:283 - PluginManage : Loaded plugins [17]
2024-04-30 15:57:32,427 [INFO] PinOutPanel:1561 - setPackage(No Configuration,No Configuration)
2024-04-30 15:57:32,505 [INFO] CADModel:165 - CPN selected for project level
2024-04-30 15:57:32,506 [INFO] CADModel:114 - Register for checkConnection events
2024-04-30 15:57:32,587 [INFO] IPUIPlugin:80 - create IPUIPlugin
2024-04-30 15:57:32,587 [INFO] PluginManager:220 - loadIPPluginJar : add adc
2024-04-30 15:57:32,625 [INFO] IPUIPlugin:80 - create IPUIPlugin
2024-04-30 15:57:32,625 [INFO] PluginManager:220 - loadIPPluginJar : add aes
2024-04-30 15:57:32,675 [INFO] IPUIPlugin:80 - create IPUIPlugin
2024-04-30 15:57:32,675 [INFO] PluginManager:220 - loadIPPluginJar : add can
2024-04-30 15:57:32,690 [INFO] IPUIPlugin:80 - create IPUIPlugin
2024-04-30 15:57:32,690 [INFO] PluginManager:220 - loadIPPluginJar : add comp
2024-04-30 15:57:32,710 [INFO] IPUIPlugin:80 - create IPUIPlugin
2024-04-30 15:57:32,710 [INFO] PluginManager:220 - loadIPPluginJar : add cryp
2024-04-30 15:57:32,727 [INFO] IPUIPlugin:80 - create IPUIPlugin
2024-04-30 15:57:32,727 [INFO] PluginManager:220 - loadIPPluginJar : add dfsdm
2024-04-30 15:57:32,736 [INFO] IPUIPlugin:80 - create IPUIPlugin
2024-04-30 15:57:32,737 [INFO] PluginManager:220 - loadIPPluginJar : add dma
2024-04-30 15:57:32,762 [INFO] IPUIPlugin:80 - create IPUIPlugin
2024-04-30 15:57:32,762 [INFO] PluginManager:220 - loadIPPluginJar : add dma3
2024-04-30 15:57:32,790 [INFO] IPUIPlugin:80 - create IPUIPlugin
2024-04-30 15:57:32,790 [INFO] PluginManager:220 - loadIPPluginJar : add extmemmanager
2024-04-30 15:57:32,801 [INFO] IPUIPlugin:80 - create IPUIPlugin
2024-04-30 15:57:32,801 [INFO] PluginManager:220 - loadIPPluginJar : add fatfs
2024-04-30 15:57:32,830 [INFO] IPUIPlugin:80 - create IPUIPlugin
2024-04-30 15:57:32,830 [INFO] PluginManager:220 - loadIPPluginJar : add fmc
2024-04-30 15:57:32,840 [INFO] IPUIPlugin:80 - create IPUIPlugin
2024-04-30 15:57:32,840 [INFO] PluginManager:220 - loadIPPluginJar : add freertos
2024-04-30 15:57:32,852 [INFO] IPUIPlugin:80 - create IPUIPlugin
2024-04-30 15:57:32,852 [INFO] PluginManager:220 - loadIPPluginJar : add genericplugin
2024-04-30 15:57:32,930 [INFO] IPUIPlugin:80 - create IPUIPlugin
2024-04-30 15:57:32,930 [INFO] PluginManager:220 - loadIPPluginJar : add gfxmmu
2024-04-30 15:57:33,009 [INFO] IPUIPlugin:80 - create IPUIPlugin
2024-04-30 15:57:33,009 [INFO] PluginManager:220 - loadIPPluginJar : add gic
2024-04-30 15:57:33,017 [INFO] IPUIPlugin:80 - create IPUIPlugin
2024-04-30 15:57:33,017 [INFO] PluginManager:220 - loadIPPluginJar : add gpio
2024-04-30 15:57:33,078 [INFO] IPUIPlugin:80 - create IPUIPlugin
2024-04-30 15:57:33,078 [INFO] PluginManager:220 - loadIPPluginJar : add gtzc
2024-04-30 15:57:33,114 [INFO] IPUIPlugin:80 - create IPUIPlugin
2024-04-30 15:57:33,114 [INFO] PluginManager:220 - loadIPPluginJar : add hash
2024-04-30 15:57:33,145 [INFO] IPUIPlugin:80 - create IPUIPlugin
2024-04-30 15:57:33,145 [INFO] PluginManager:220 - loadIPPluginJar : add i2c
2024-04-30 15:57:33,169 [INFO] IPUIPlugin:80 - create IPUIPlugin
2024-04-30 15:57:33,169 [INFO] PluginManager:220 - loadIPPluginJar : add i2s
2024-04-30 15:57:33,193 [INFO] IPUIPlugin:80 - create IPUIPlugin
2024-04-30 15:57:33,193 [INFO] PluginManager:220 - loadIPPluginJar : add i3c
2024-04-30 15:57:33,260 [INFO] IPUIPlugin:80 - create IPUIPlugin
2024-04-30 15:57:33,260 [INFO] PluginManager:220 - loadIPPluginJar : add ipddr
2024-04-30 15:57:33,316 [INFO] IPUIPlugin:80 - create IPUIPlugin
2024-04-30 15:57:33,316 [INFO] PluginManager:220 - loadIPPluginJar : add linkedlist
2024-04-30 15:57:33,337 [INFO] IPUIPlugin:80 - create IPUIPlugin
2024-04-30 15:57:33,337 [INFO] PluginManager:220 - loadIPPluginJar : add lorawan
2024-04-30 15:57:33,358 [INFO] IPUIPlugin:80 - create IPUIPlugin
2024-04-30 15:57:33,358 [INFO] PluginManager:220 - loadIPPluginJar : add ltdc
2024-04-30 15:57:33,367 [INFO] IPUIPlugin:80 - create IPUIPlugin
2024-04-30 15:57:33,367 [INFO] PluginManager:220 - loadIPPluginJar : add mdma
2024-04-30 15:57:33,374 [INFO] IPUIPlugin:80 - create IPUIPlugin
2024-04-30 15:57:33,375 [INFO] PluginManager:220 - loadIPPluginJar : add nvic
2024-04-30 15:57:33,396 [INFO] IPUIPlugin:80 - create IPUIPlugin
2024-04-30 15:57:33,396 [INFO] PluginManager:220 - loadIPPluginJar : add opamp
2024-04-30 15:57:33,431 [INFO] IPUIPlugin:80 - create IPUIPlugin
2024-04-30 15:57:33,431 [INFO] PluginManager:220 - loadIPPluginJar : add openamp
2024-04-30 15:57:33,456 [INFO] IPUIPlugin:80 - create IPUIPlugin
2024-04-30 15:57:33,456 [INFO] PluginManager:220 - loadIPPluginJar : add pdm2pcm
2024-04-30 15:57:33,464 [INFO] IPUIPlugin:80 - create IPUIPlugin
2024-04-30 15:57:33,466 [INFO] PluginManager:220 - loadIPPluginJar : add plateformsettings
2024-04-30 15:57:33,478 [INFO] IPUIPlugin:80 - create IPUIPlugin
2024-04-30 15:57:33,478 [INFO] PluginManager:220 - loadIPPluginJar : add quadspi
2024-04-30 15:57:33,486 [INFO] IPUIPlugin:80 - create IPUIPlugin
2024-04-30 15:57:33,486 [INFO] PluginManager:220 - loadIPPluginJar : add resmgrutility
2024-04-30 15:57:33,529 [INFO] IPUIPlugin:80 - create IPUIPlugin
2024-04-30 15:57:33,529 [INFO] PluginManager:220 - loadIPPluginJar : add sai
2024-04-30 15:57:33,551 [INFO] IPUIPlugin:80 - create IPUIPlugin
2024-04-30 15:57:33,551 [INFO] PluginManager:220 - loadIPPluginJar : add spi
2024-04-30 15:57:33,595 [INFO] IPUIPlugin:80 - create IPUIPlugin
2024-04-30 15:57:33,595 [INFO] PluginManager:220 - loadIPPluginJar : add stm32_wpan
2024-04-30 15:57:33,610 [INFO] IPUIPlugin:80 - create IPUIPlugin
2024-04-30 15:57:33,610 [INFO] PluginManager:220 - loadIPPluginJar : add tim
2024-04-30 15:57:33,647 [INFO] IPUIPlugin:80 - create IPUIPlugin
2024-04-30 15:57:33,647 [INFO] PluginManager:220 - loadIPPluginJar : add touchsensing
2024-04-30 15:57:33,673 [INFO] IPUIPlugin:80 - create IPUIPlugin
2024-04-30 15:57:33,673 [INFO] PluginManager:220 - loadIPPluginJar : add tracer_emb
2024-04-30 15:57:33,687 [INFO] IPUIPlugin:80 - create IPUIPlugin
2024-04-30 15:57:33,687 [INFO] PluginManager:220 - loadIPPluginJar : add ts
2024-04-30 15:57:33,700 [INFO] IPUIPlugin:80 - create IPUIPlugin
2024-04-30 15:57:33,700 [INFO] PluginManager:220 - loadIPPluginJar : add tsc
2024-04-30 15:57:33,713 [INFO] IPUIPlugin:80 - create IPUIPlugin
2024-04-30 15:57:33,713 [INFO] PluginManager:220 - loadIPPluginJar : add ucpd
2024-04-30 15:57:33,747 [INFO] IPUIPlugin:80 - create IPUIPlugin
2024-04-30 15:57:33,747 [INFO] PluginManager:220 - loadIPPluginJar : add usart
2024-04-30 15:57:33,773 [INFO] IPUIPlugin:80 - create IPUIPlugin
2024-04-30 15:57:33,773 [INFO] PluginManager:220 - loadIPPluginJar : add usbx
2024-04-30 15:57:33,884 [INFO] CADModel:165 - CPN selected for project level
2024-04-30 15:57:33,884 [INFO] CADModel:114 - Register for checkConnection events
2024-04-30 15:57:33,884 [FATAL] Updater:308 - Updater called before beeing initialized
2024-04-30 15:57:33,884 [ERROR] CADModel:125 - Updater not yet initialized, retry later 
2024-04-30 15:57:34,041 [INFO] CADModel:165 - CPN selected for project level
2024-04-30 15:57:34,041 [INFO] CADModel:114 - Register for checkConnection events
2024-04-30 15:57:34,041 [FATAL] Updater:308 - Updater called before beeing initialized
2024-04-30 15:57:34,041 [ERROR] CADModel:125 - Updater not yet initialized, retry later 
2024-04-30 15:57:34,043 [FATAL] Updater:308 - Updater called before beeing initialized
2024-04-30 15:57:34,138 [FATAL] Updater:308 - Updater called before beeing initialized
2024-04-30 15:57:34,145 [INFO] DbMcusAds:53 - JSON generation date=Wed Nov 29 11:52:27 CET 2023 (1701255147349)
2024-04-30 15:57:34,145 [FATAL] Updater:308 - Updater called before beeing initialized
2024-04-30 15:57:34,254 [WARN] DetailPanel:346 - Failed to get advertising image, set to default
2024-04-30 15:57:34,345 [FATAL] Updater:308 - Updater called before beeing initialized
2024-04-30 15:57:34,347 [FATAL] Updater:308 - Updater called before beeing initialized
2024-04-30 15:57:34,347 [FATAL] Updater:308 - Updater called before beeing initialized
2024-04-30 15:57:34,347 [WARN] DetailPanel:346 - Failed to get advertising image, set to default
2024-04-30 15:57:34,347 [FATAL] Updater:308 - Updater called before beeing initialized
2024-04-30 15:57:34,488 [ERROR] Updater:1120 - MainUpdater not yet initialized. External WinMGr cannot be set.
2024-04-30 15:57:34,496 [INFO] Updater:1056 - Updater Version found : 6.11.0
2024-04-30 15:57:34,510 [INFO] ApplicationProperties:184 - Using Application install path: D:\Programs\ST\STM32CubeIDE_1.15.0\STM32CubeIDE\plugins\com.st.stm32cube.common.mx_6.11.0.202403141607
2024-04-30 15:57:34,905 [INFO] ThirdPartyUpdaterWithRetryManager:70 - Updater plugin not ready yet. [2/15]
2024-04-30 15:57:36,100 [ERROR] LogOutputStream:75 - [STDERR_REDIRECT] Apr 30, 2024 3:57:36 PM java.util.prefs.WindowsPreferences <init>
2024-04-30 15:57:36,100 [ERROR] LogOutputStream:75 - [STDERR_REDIRECT] WARNING: Could not open/create prefs root node Software\JavaSoft\Prefs at root 0xffffffff80000002. Windows RegCreateKeyEx(...) returned error code 5.
2024-04-30 15:57:36,101 [ERROR] LogOutputStream:75 - [STDERR_REDIRECT] 
2024-04-30 15:57:36,391 [INFO] MainUpdater:2873 - connection check result : 10
2024-04-30 15:57:36,391 [INFO] MainUpdater:290 - Updater Check For Update Now.
2024-04-30 15:57:36,391 [INFO] MicroXplorer:498 - Change Database Version : DB.6.0.110
2024-04-30 15:57:36,410 [INFO] McuFinderGlobals:63 - Set McuFinder mode to 2 (CubeIDE integrated)
2024-04-30 15:57:36,450 [INFO] UserAuth:415 - Internet connection configuration mode: 1
2024-04-30 15:57:36,550 [INFO] JxBrowserEngine:152 - Initiate JxBrowser Engine with user profile folder
2024-04-30 15:57:36,602 [INFO] CheckServerUpdateThread:120 - End of CheckServer Thread
2024-04-30 15:57:38,063 [WARN] PackLoader:240 - Cannot read IP mode file for STMicroelectronics.FP-SNS-MOTENVWB1.1.4.0
2024-04-30 15:57:38,075 [WARN] PackLoader:240 - Cannot read IP mode file for STMicroelectronics.X-CUBE-SMBUS.2.1.0
2024-04-30 15:57:38,084 [WARN] PackLoader:240 - Cannot read IP mode file for STMicroelectronics.X-CUBE-TOUCHGFX.4.23.2
2024-04-30 15:57:38,112 [WARN] PackLoader:240 - Cannot read IP mode file for STMicroelectronics.X-CUBE-AZRTOS-F7.1.1.0
2024-04-30 15:57:38,124 [WARN] PackLoader:240 - Cannot read IP mode file for STMicroelectronics.FP-SNS-FLIGHT1.5.0.2
2024-04-30 15:57:38,136 [WARN] PackLoader:240 - Cannot read IP mode file for STMicroelectronics.X-CUBE-DISPLAY.3.0.0
2024-04-30 15:57:38,151 [WARN] PackLoader:240 - Cannot read IP mode file for STMicroelectronics.X-CUBE-BLE1.7.0.0
2024-04-30 15:57:38,162 [WARN] PackLoader:240 - Cannot read IP mode file for emotas.I-CUBE-CANOPEN.1.3.0
2024-04-30 15:57:38,175 [WARN] PackLoader:240 - Cannot read IP mode file for STMicroelectronics.X-CUBE-BLEMGR.3.1.0
2024-04-30 15:57:38,186 [WARN] PackLoader:240 - Cannot read IP mode file for STMicroelectronics.FP-SNS-SMARTAG2.1.2.0
2024-04-30 15:57:38,201 [INFO] LogOutputStream:77 - [STDOUT_REDIRECT] 1 : Invalid condition id : UX_CORESTACK_Condition cause : null
2024-04-30 15:57:38,202 [INFO] LogOutputStream:77 - [STDOUT_REDIRECT] 1 : Invalid condition id : UX_CORESTACK_Condition cause : null
2024-04-30 15:57:38,203 [INFO] LogOutputStream:77 - [STDOUT_REDIRECT] 1 : Invalid condition id : UX_CORESTACK_Condition cause : null
2024-04-30 15:57:38,203 [INFO] LogOutputStream:77 - [STDOUT_REDIRECT] 1 : Invalid condition id : UX_CORESTACK_Condition cause : null
2024-04-30 15:57:38,204 [INFO] LogOutputStream:77 - [STDOUT_REDIRECT] 1 : Invalid condition id : UX_CORESTACK_Condition cause : null
2024-04-30 15:57:38,208 [WARN] PackLoader:240 - Cannot read IP mode file for STMicroelectronics.X-CUBE-AZRTOS-WL.2.0.0
2024-04-30 15:57:38,220 [WARN] PackLoader:240 - Cannot read IP mode file for STMicroelectronics.FP-SNS-MOTENV1.5.0.0
2024-04-30 15:57:38,232 [WARN] PackLoader:240 - Cannot read IP mode file for WES.I-CUBE-Cesium.1.3.0
2024-04-30 15:57:38,241 [WARN] PackLoader:240 - Cannot read IP mode file for STMicroelectronics.X-CUBE-BLE2.3.3.0
2024-04-30 15:57:38,251 [WARN] PackLoader:240 - Cannot read IP mode file for STMicroelectronics.X-CUBE-TCPP.4.1.0
2024-04-30 15:57:38,261 [WARN] PackLoader:240 - Cannot read IP mode file for STMicroelectronics.X-CUBE-ALGOBUILD.1.3.0
2024-04-30 15:57:38,282 [WARN] PackLoader:240 - Cannot read IP mode file for STMicroelectronics.X-CUBE-AZRTOS-G0.1.1.0
2024-04-30 15:57:38,294 [WARN] PackLoader:240 - Cannot read IP mode file for STMicroelectronics.X-CUBE-SAFEA1.1.2.2
2024-04-30 15:57:38,305 [WARN] PackLoader:240 - Cannot read IP mode file for STMicroelectronics.X-CUBE-NFC4.3.0.0
2024-04-30 15:57:38,313 [WARN] PackLoader:240 - Cannot read IP mode file for wolfSSL.I-CUBE-wolfSSL.5.7.0
2024-04-30 15:57:38,320 [WARN] PackLoader:240 - Cannot read IP mode file for STMicroelectronics.FP-ATR-SIGFOX1.3.2.0
2024-04-30 15:57:38,330 [WARN] PackLoader:240 - Cannot read IP mode file for STMicroelectronics.X-CUBE-EEPRMA1.5.1.0
2024-04-30 15:57:38,342 [WARN] PackLoader:240 - Cannot read IP mode file for ITTIA_DB.I-CUBE-ITTIADB.8.9.0
2024-04-30 15:57:38,366 [WARN] PackLoader:240 - Cannot read IP mode file for SEGGER.I-CUBE-embOS.1.3.1
2024-04-30 15:57:38,406 [WARN] PackLoader:240 - Cannot read IP mode file for STMicroelectronics.X-CUBE-GNSS1.6.0.0
2024-04-30 15:57:38,428 [WARN] PackLoader:240 - Cannot read IP mode file for STMicroelectronics.X-CUBE-AZRTOS-F4.1.1.0
2024-04-30 15:57:38,438 [WARN] PackLoader:240 - Cannot read IP mode file for STMicroelectronics.X-CUBE-FREERTOS.1.2.0
2024-04-30 15:57:38,460 [WARN] PackLoader:240 - Cannot read IP mode file for STMicroelectronics.X-CUBE-AZRTOS-L5.2.0.0
2024-04-30 15:57:38,474 [WARN] PackLoader:240 - Cannot read IP mode file for STMicroelectronics.X-CUBE-NFC6.3.1.0
2024-04-30 15:57:38,486 [WARN] PackLoader:240 - Cannot read IP mode file for STMicroelectronics.X-CUBE-AI.9.0.0
2024-04-30 15:57:38,494 [WARN] PackLoader:240 - Cannot read IP mode file for STMicroelectronics.X-CUBE-NFC7.1.0.1
2024-04-30 15:57:38,503 [WARN] PackLoader:240 - Cannot read IP mode file for STMicroelectronics.X-CUBE-AI.8.1.0
2024-04-30 15:57:38,524 [WARN] ConditionMgr:438 - getConditionDescription Invalid condition id : LAN8742 Phy interface Condition cause : null
2024-04-30 15:57:38,524 [WARN] PackLoader:240 - Cannot read IP mode file for STMicroelectronics.X-CUBE-AZRTOS-L4.2.0.0
2024-04-30 15:57:38,525 [WARN] ConditionMgr:1039 - genDependencies : Invalid condition id : LAN8742 Phy interface Condition cause : null
2024-04-30 15:57:38,525 [WARN] ConditionMgr:1039 - genDependencies : Invalid condition id : LAN8742 Phy interface Condition cause : null
2024-04-30 15:57:38,526 [WARN] ConditionMgr:1039 - genDependencies : Invalid condition id : LAN8742 Phy interface Condition cause : null
2024-04-30 15:57:38,536 [WARN] PackLoader:240 - Cannot read IP mode file for STMicroelectronics.X-CUBE-SFXS2LP1.4.0.0
2024-04-30 15:57:38,553 [WARN] ConditionMgr:438 - getConditionDescription Invalid condition id : UX DEVICE CLASS RTOS Condition cause : null
2024-04-30 15:57:38,553 [WARN] ConditionMgr:438 - getConditionDescription Invalid condition id : UX DEVICE CLASS RTOS Condition cause : null
2024-04-30 15:57:38,554 [WARN] PackLoader:240 - Cannot read IP mode file for STMicroelectronics.X-CUBE-AZRTOS-WB.2.0.0
2024-04-30 15:57:38,555 [WARN] ConditionMgr:1039 - genDependencies : Invalid condition id : UX DEVICE CLASS RTOS Condition cause : null
2024-04-30 15:57:38,555 [WARN] ConditionMgr:1039 - genDependencies : Invalid condition id : UX DEVICE CLASS RTOS Condition cause : null
2024-04-30 15:57:38,555 [WARN] ConditionMgr:1039 - genDependencies : Invalid condition id : UX DEVICE CLASS RTOS Condition cause : null
2024-04-30 15:57:38,555 [WARN] ConditionMgr:1039 - genDependencies : Invalid condition id : UX DEVICE CLASS RTOS Condition cause : null
2024-04-30 15:57:38,555 [WARN] ConditionMgr:1039 - genDependencies : Invalid condition id : UX DEVICE CLASS RTOS Condition cause : null
2024-04-30 15:57:38,566 [WARN] PackLoader:240 - Cannot read IP mode file for STMicroelectronics.X-CUBE-SUBG2.5.0.0
2024-04-30 15:57:38,585 [WARN] PackLoader:240 - Cannot read IP mode file for STMicroelectronics.X-CUBE-AZRTOS-G4.2.0.0
2024-04-30 15:57:38,599 [WARN] PackLoader:240 - Cannot read IP mode file for STMicroelectronics.FP-SNS-MOTENVWB1.1.3.1
2024-04-30 15:57:38,612 [WARN] PackLoader:240 - Cannot read IP mode file for STMicroelectronics.X-CUBE-ISPU.2.0.0
2024-04-30 15:57:38,664 [WARN] PackLoader:240 - Cannot read IP mode file for STMicroelectronics.X-CUBE-MEMS1.10.0.0
2024-04-30 15:57:38,724 [WARN] PackLoader:240 - Cannot read IP mode file for STMicroelectronics.X-CUBE-FREERTOS.1.1.0
2024-04-30 15:57:38,738 [WARN] PackLoader:240 - Cannot read IP mode file for portGmbH.I-Cube-SoM-uGOAL.1.1.0
2024-04-30 15:57:38,747 [WARN] PackLoader:240 - Cannot read IP mode file for STMicroelectronics.X-CUBE-ALS.1.0.1
2024-04-30 15:57:38,766 [WARN] PackLoader:240 - Cannot read IP mode file for STMicroelectronics.X-CUBE-AZRTOS-H7RS.1.0.0
2024-04-30 15:57:38,776 [WARN] PackLoader:240 - Cannot read IP mode file for STMicroelectronics.FP-ATR-ASTRA1.2.0.0
2024-04-30 15:57:38,791 [WARN] PackLoader:240 - Cannot read IP mode file for STMicroelectronics.X-CUBE-TOF1.3.4.1
2024-04-30 15:57:38,819 [WARN] PackLoader:240 - Cannot read IP mode file for STMicroelectronics.X-CUBE-AZRTOS-H7.3.2.0
2024-04-30 15:57:38,839 [WARN] PackLoader:240 - Cannot read IP mode file for Infineon.AIROC-Wi-Fi-Bluetooth-STM32.1.6.0
2024-04-30 15:57:38,842 [INFO] ThirdParty:978 - Integrity check success = true
2024-04-30 15:57:38,843 [INFO] IntegrityCheckThread:100 - exiting critical section [integrity check]
2024-04-30 15:57:38,843 [INFO] IntegrityCheckThread:103 - End integrity checks thread
2024-04-30 15:57:40,552 [INFO] WebApp:161 - Instantiating new browser for Auth
2024-04-30 15:57:41,113 [INFO] WebApp:779 - Register for checkConnection events
2024-04-30 15:57:41,113 [INFO] WebApp:414 - Apply proxy settings
2024-04-30 15:57:41,113 [INFO] WebApp:499 - Chromium requires no authentication
2024-04-30 15:57:41,119 [INFO] WebApp:442 - Direct internet connection detected
2024-04-30 15:57:41,302 [INFO] WebApp:192 - Starting web application
2024-04-30 15:57:41,302 [INFO] WebApp:544 - Web application path used D:\Programs\ST\STM32CubeIDE_1.15.0\STM32CubeIDE\plugins\com.st.stm32cube.common.mx_6.11.0.202403141607\db\plugins\mcufinder\reactClient1\index.html
2024-04-30 16:13:03,273 [ERROR] LogOutputStream:75 - [STDERR_REDIRECT] 
